<?xml version="1.0" encoding="UTF-8"?>
<!-- Generated by org.testng.reporters.JUnitXMLReporter -->
<testsuite ignored="0" hostname="LAPTOP-2EQAN3L4" failures="1" tests="1" name="OOPS Test Cases" time="6.369" errors="0" timestamp="2021-05-29T17:11:19 IST">
  <testcase classname="com.Tests.LoginTestClass" name="VerifyLoginPageTitle" time="0.015">
    <failure type="java.lang.NullPointerException" message="Cannot invoke &amp;quot;com.pages.LoginPageClass.getPageTitle()&amp;quot; because &amp;quot;this.lp&amp;quot; is null">
      <![CDATA[java.lang.NullPointerException: Cannot invoke "com.pages.LoginPageClass.getPageTitle()" because "this.lp" is null
at com.Tests.LoginTestClass.VerifyLoginPageTitle(LoginTestClass.java:15)
at java.base/java.util.ArrayList.forEach(ArrayList.java:1511)
... Removed 27 stack frames]]>
    </failure>
  </testcase> <!-- VerifyLoginPageTitle -->
</testsuite> <!-- OOPS Test Cases -->
